[Thu Oct 18 16:52:32.746021 2018] [ssl:warn] [pid 10056:tid 704] AH01909: www.example.com:443:0 server certificate does NOT include an ID which matches the server name
[Thu Oct 18 16:52:32.784917 2018] [ssl:warn] [pid 10056:tid 704] AH01909: www.example.com:443:0 server certificate does NOT include an ID which matches the server name
[Thu Oct 18 16:52:32.809850 2018] [mpm_winnt:notice] [pid 10056:tid 704] AH00455: Apache/2.4.29 (Win32) OpenSSL/1.1.0g PHP/7.2.1 configured -- resuming normal operations
[Thu Oct 18 16:52:32.809850 2018] [mpm_winnt:notice] [pid 10056:tid 704] AH00456: Apache Lounge VC15 Server built: Nov  3 2017 10:30:36
[Thu Oct 18 16:52:32.809850 2018] [core:notice] [pid 10056:tid 704] AH00094: Command line: 'apache\\bin\\httpd.exe -d C:/Users/i171876/Desktop/portfolio provisoire/apache'
[Thu Oct 18 16:52:32.817830 2018] [mpm_winnt:notice] [pid 10056:tid 704] AH00418: Parent: Created child process 10192
Apache server shutdown initiated...
sl:warn] [pid 10192:tid 676] AH01909: www.example.com:443:0 server certificate does NOT include an ID which matches the server name
[Thu Oct 18 16:52:33.328431 2018] [ssl:warn] [pid 10192:tid 676] AH01909: www.example.com:443:0 server certificate does NOT include an ID which matches the server name
[Thu Oct 18 16:52:33.351371 2018] [mpm_winnt:notice] [pid 10192:tid 676] AH00354: Child: Starting 150 worker threads.
[Thu Oct 18 16:58:09.585472 2018] [php7:warn] [pid 10192:tid 1924] [client ::1:60559] PHP Warning:  Use of undefined constant DB_USER - assumed 'DB_USER' (this will throw an Error in a future version of PHP) in C:\\Users\\i171876\\Desktop\\portfolio provisoire\\htdocs\\wordpress\\wp-includes\\load.php on line 404
[Thu Oct 18 16:58:09.585472 2018] [php7:warn] [pid 10192:tid 1924] [client ::1:60559] PHP Warning:  Use of undefined constant DB_PASSWORD - assumed 'DB_PASSWORD' (this will throw an Error in a future version of PHP) in C:\\Users\\i171876\\Desktop\\portfolio provisoire\\htdocs\\wordpress\\wp-includes\\load.php on line 404
[Thu Oct 18 16:58:09.585472 2018] [php7:warn] [pid 10192:tid 1924] [client ::1:60559] PHP Warning:  Use of undefined constant DB_NAME - assumed 'DB_NAME' (this will throw an Error in a future version of PHP) in C:\\Users\\i171876\\Desktop\\portfolio provisoire\\htdocs\\wordpress\\wp-includes\\load.php on line 404
[Thu Oct 18 16:58:09.585472 2018] [php7:warn] [pid 10192:tid 1924] [client ::1:60559] PHP Warning:  Use of undefined constant DB_HOST - assumed 'DB_HOST' (this will throw an Error in a future version of PHP) in C:\\Users\\i171876\\Desktop\\portfolio provisoire\\htdocs\\wordpress\\wp-includes\\load.php on line 404
[Thu Oct 18 16:58:17.000168 2018] [php7:warn] [pid 10192:tid 1952] [client ::1:60564] PHP Warning:  Use of undefined constant DB_USER - assumed 'DB_USER' (this will throw an Error in a future version of PHP) in C:\\Users\\i171876\\Desktop\\portfolio provisoire\\htdocs\\wordpress\\wp-includes\\load.php on line 404, referer: http://localhost/wordpress/wp-admin/setup-config.php
[Thu Oct 18 16:58:17.000168 2018] [php7:warn] [pid 10192:tid 1952] [client ::1:60564] PHP Warning:  Use of undefined constant DB_PASSWORD - assumed 'DB_PASSWORD' (this will throw an Error in a future version of PHP) in C:\\Users\\i171876\\Desktop\\portfolio provisoire\\htdocs\\wordpress\\wp-includes\\load.php on line 404, referer: http://localhost/wordpress/wp-admin/setup-config.php
[Thu Oct 18 16:58:17.000168 2018] [php7:warn] [pid 10192:tid 1952] [client ::1:60564] PHP Warning:  Use of undefined constant DB_NAME - assumed 'DB_NAME' (this will throw an Error in a future version of PHP) in C:\\Users\\i171876\\Desktop\\portfolio provisoire\\htdocs\\wordpress\\wp-includes\\load.php on line 404, referer: http://localhost/wordpress/wp-admin/setup-config.php
[Thu Oct 18 16:58:17.000168 2018] [php7:warn] [pid 10192:tid 1952] [client ::1:60564] PHP Warning:  Use of undefined constant DB_HOST - assumed 'DB_HOST' (this will throw an Error in a future version of PHP) in C:\\Users\\i171876\\Desktop\\portfolio provisoire\\htdocs\\wordpress\\wp-includes\\load.php on line 404, referer: http://localhost/wordpress/wp-admin/setup-config.php
[Thu Oct 18 16:58:34.967856 2018] [php7:warn] [pid 10192:tid 1952] [client ::1:60565] PHP Warning:  Use of undefined constant DB_USER - assumed 'DB_USER' (this will throw an Error in a future version of PHP) in C:\\Users\\i171876\\Desktop\\portfolio provisoire\\htdocs\\wordpress\\wp-includes\\load.php on line 404, referer: http://localhost/wordpress/wp-admin/setup-config.php?step=1&language=fr_FR
[Thu Oct 18 16:58:34.967856 2018] [php7:warn] [pid 10192:tid 1952] [client ::1:60565] PHP Warning:  Use of undefined constant DB_PASSWORD - assumed 'DB_PASSWORD' (this will throw an Error in a future version of PHP) in C:\\Users\\i171876\\Desktop\\portfolio provisoire\\htdocs\\wordpress\\wp-includes\\load.php on line 404, referer: http://localhost/wordpress/wp-admin/setup-config.php?step=1&language=fr_FR
[Thu Oct 18 16:58:34.967856 2018] [php7:warn] [pid 10192:tid 1952] [client ::1:60565] PHP Warning:  Use of undefined constant DB_NAME - assumed 'DB_NAME' (this will throw an Error in a future version of PHP) in C:\\Users\\i171876\\Desktop\\portfolio provisoire\\htdocs\\wordpress\\wp-includes\\load.php on line 404, referer: http://localhost/wordpress/wp-admin/setup-config.php?step=1&language=fr_FR
[Thu Oct 18 16:58:34.967856 2018] [php7:warn] [pid 10192:tid 1952] [client ::1:60565] PHP Warning:  Use of undefined constant DB_HOST - assumed 'DB_HOST' (this will throw an Error in a future version of PHP) in C:\\Users\\i171876\\Desktop\\portfolio provisoire\\htdocs\\wordpress\\wp-includes\\load.php on line 404, referer: http://localhost/wordpress/wp-admin/setup-config.php?step=1&language=fr_FR
[Thu Oct 18 17:11:09.494827 2018] [mpm_winnt:notice] [pid 10056:tid 704] AH00422: Parent: Received shutdown signal -- Shutting down the server.
[Thu Oct 18 17:11:11.497501 2018] [mpm_winnt:notice] [pid 10192:tid 676] AH00364: Child: All worker threads have exited.
[Thu Oct 18 17:11:11.521543 2018] [mpm_winnt:notice] [pid 10056:tid 704] AH00430: Parent: Child process 10192 exited successfully.
[Thu Oct 18 17:11:28.067059 2018] [ssl:warn] [pid 2108:tid 680] AH01909: www.example.com:443:0 server certificate does NOT include an ID which matches the server name
[Thu Oct 18 17:11:28.105955 2018] [ssl:warn] [pid 2108:tid 680] AH01909: www.example.com:443:0 server certificate does NOT include an ID which matches the server name
[Thu Oct 18 17:11:28.130889 2018] [mpm_winnt:notice] [pid 2108:tid 680] AH00455: Apache/2.4.29 (Win32) OpenSSL/1.1.0g PHP/7.2.1 configured -- resuming normal operations
[Thu Oct 18 17:11:28.130889 2018] [mpm_winnt:notice] [pid 2108:tid 680] AH00456: Apache Lounge VC15 Server built: Nov  3 2017 10:30:36
[Thu Oct 18 17:11:28.130889 2018] [core:notice] [pid 2108:tid 680] AH00094: Command line: 'apache\\bin\\httpd.exe -d C:/Users/i171876/Desktop/portfolio provisoire/apache'
[Thu Oct 18 17:11:28.138867 2018] [mpm_winnt:notice] [pid 2108:tid 680] AH00418: Parent: Created child process 12272
Apache server shutdown initiated...
sl:warn] [pid 12272:tid 688] AH01909: www.example.com:443:0 server certificate does NOT include an ID which matches the server name
[Thu Oct 18 17:11:28.654653 2018] [ssl:warn] [pid 12272:tid 688] AH01909: www.example.com:443:0 server certificate does NOT include an ID which matches the server name
[Thu Oct 18 17:11:28.677616 2018] [mpm_winnt:notice] [pid 12272:tid 688] AH00354: Child: Starting 150 worker threads.
[Thu Oct 18 17:13:05.182720 2018] [php7:error] [pid 12272:tid 1956] [client ::1:54274] script 'C:/Users/i171876/Desktop/portfolio provisoire/htdocs/wordpress/wp-install.php' not found or unable to stat
[Thu Oct 18 17:14:12.206491 2018] [php7:error] [pid 12272:tid 1956] [client ::1:54276] script 'C:/Users/i171876/Desktop/portfolio provisoire/htdocs/wordpress/wp-install.php' not found or unable to stat
[Thu Oct 18 17:16:27.006896 2018] [php7:warn] [pid 12272:tid 1956] [client ::1:54279] PHP Warning:  Use of undefined constant DB_USER - assumed 'DB_USER' (this will throw an Error in a future version of PHP) in C:\\Users\\i171876\\Desktop\\portfolio provisoire\\htdocs\\wordpress\\wp-includes\\load.php on line 404
[Thu Oct 18 17:16:27.006896 2018] [php7:warn] [pid 12272:tid 1956] [client ::1:54279] PHP Warning:  Use of undefined constant DB_PASSWORD - assumed 'DB_PASSWORD' (this will throw an Error in a future version of PHP) in C:\\Users\\i171876\\Desktop\\portfolio provisoire\\htdocs\\wordpress\\wp-includes\\load.php on line 404
[Thu Oct 18 17:16:27.007891 2018] [php7:warn] [pid 12272:tid 1956] [client ::1:54279] PHP Warning:  Use of undefined constant DB_NAME - assumed 'DB_NAME' (this will throw an Error in a future version of PHP) in C:\\Users\\i171876\\Desktop\\portfolio provisoire\\htdocs\\wordpress\\wp-includes\\load.php on line 404
[Thu Oct 18 17:16:27.007891 2018] [php7:warn] [pid 12272:tid 1956] [client ::1:54279] PHP Warning:  Use of undefined constant DB_HOST - assumed 'DB_HOST' (this will throw an Error in a future version of PHP) in C:\\Users\\i171876\\Desktop\\portfolio provisoire\\htdocs\\wordpress\\wp-includes\\load.php on line 404
[Thu Oct 18 17:16:29.139783 2018] [php7:warn] [pid 12272:tid 1940] [client ::1:54281] PHP Warning:  Use of undefined constant DB_USER - assumed 'DB_USER' (this will throw an Error in a future version of PHP) in C:\\Users\\i171876\\Desktop\\portfolio provisoire\\htdocs\\wordpress\\wp-includes\\load.php on line 404, referer: http://localhost/wordpress/wp-admin/setup-config.php
[Thu Oct 18 17:16:29.140783 2018] [php7:warn] [pid 12272:tid 1940] [client ::1:54281] PHP Warning:  Use of undefined constant DB_PASSWORD - assumed 'DB_PASSWORD' (this will throw an Error in a future version of PHP) in C:\\Users\\i171876\\Desktop\\portfolio provisoire\\htdocs\\wordpress\\wp-includes\\load.php on line 404, referer: http://localhost/wordpress/wp-admin/setup-config.php
[Thu Oct 18 17:16:29.140783 2018] [php7:warn] [pid 12272:tid 1940] [client ::1:54281] PHP Warning:  Use of undefined constant DB_NAME - assumed 'DB_NAME' (this will throw an Error in a future version of PHP) in C:\\Users\\i171876\\Desktop\\portfolio provisoire\\htdocs\\wordpress\\wp-includes\\load.php on line 404, referer: http://localhost/wordpress/wp-admin/setup-config.php
[Thu Oct 18 17:16:29.140783 2018] [php7:warn] [pid 12272:tid 1940] [client ::1:54281] PHP Warning:  Use of undefined constant DB_HOST - assumed 'DB_HOST' (this will throw an Error in a future version of PHP) in C:\\Users\\i171876\\Desktop\\portfolio provisoire\\htdocs\\wordpress\\wp-includes\\load.php on line 404, referer: http://localhost/wordpress/wp-admin/setup-config.php
[Thu Oct 18 17:17:27.433203 2018] [php7:warn] [pid 12272:tid 1948] [client ::1:54290] PHP Warning:  Use of undefined constant DB_USER - assumed 'DB_USER' (this will throw an Error in a future version of PHP) in C:\\Users\\i171876\\Desktop\\portfolio provisoire\\htdocs\\wordpress\\wp-includes\\load.php on line 404
[Thu Oct 18 17:17:27.434200 2018] [php7:warn] [pid 12272:tid 1948] [client ::1:54290] PHP Warning:  Use of undefined constant DB_PASSWORD - assumed 'DB_PASSWORD' (this will throw an Error in a future version of PHP) in C:\\Users\\i171876\\Desktop\\portfolio provisoire\\htdocs\\wordpress\\wp-includes\\load.php on line 404
[Thu Oct 18 17:17:27.434200 2018] [php7:warn] [pid 12272:tid 1948] [client ::1:54290] PHP Warning:  Use of undefined constant DB_NAME - assumed 'DB_NAME' (this will throw an Error in a future version of PHP) in C:\\Users\\i171876\\Desktop\\portfolio provisoire\\htdocs\\wordpress\\wp-includes\\load.php on line 404
[Thu Oct 18 17:17:27.434200 2018] [php7:warn] [pid 12272:tid 1948] [client ::1:54290] PHP Warning:  Use of undefined constant DB_HOST - assumed 'DB_HOST' (this will throw an Error in a future version of PHP) in C:\\Users\\i171876\\Desktop\\portfolio provisoire\\htdocs\\wordpress\\wp-includes\\load.php on line 404
[Thu Oct 18 17:18:22.211681 2018] [php7:warn] [pid 12272:tid 1940] [client ::1:52101] PHP Warning:  Use of undefined constant DB_USER - assumed 'DB_USER' (this will throw an Error in a future version of PHP) in C:\\Users\\i171876\\Desktop\\portfolio provisoire\\htdocs\\wordpress\\wp-includes\\load.php on line 404, referer: http://localhost/wordpress/wp-admin/setup-config.php?step=1&language=fr_FR
[Thu Oct 18 17:18:22.212678 2018] [php7:warn] [pid 12272:tid 1940] [client ::1:52101] PHP Warning:  Use of undefined constant DB_PASSWORD - assumed 'DB_PASSWORD' (this will throw an Error in a future version of PHP) in C:\\Users\\i171876\\Desktop\\portfolio provisoire\\htdocs\\wordpress\\wp-includes\\load.php on line 404, referer: http://localhost/wordpress/wp-admin/setup-config.php?step=1&language=fr_FR
[Thu Oct 18 17:18:22.212678 2018] [php7:warn] [pid 12272:tid 1940] [client ::1:52101] PHP Warning:  Use of undefined constant DB_NAME - assumed 'DB_NAME' (this will throw an Error in a future version of PHP) in C:\\Users\\i171876\\Desktop\\portfolio provisoire\\htdocs\\wordpress\\wp-includes\\load.php on line 404, referer: http://localhost/wordpress/wp-admin/setup-config.php?step=1&language=fr_FR
[Thu Oct 18 17:18:22.212678 2018] [php7:warn] [pid 12272:tid 1940] [client ::1:52101] PHP Warning:  Use of undefined constant DB_HOST - assumed 'DB_HOST' (this will throw an Error in a future version of PHP) in C:\\Users\\i171876\\Desktop\\portfolio provisoire\\htdocs\\wordpress\\wp-includes\\load.php on line 404, referer: http://localhost/wordpress/wp-admin/setup-config.php?step=1&language=fr_FR
[Thu Oct 18 17:18:56.599585 2018] [php7:warn] [pid 12272:tid 1940] [client ::1:52116] PHP Warning:  Use of undefined constant DB_USER - assumed 'DB_USER' (this will throw an Error in a future version of PHP) in C:\\Users\\i171876\\Desktop\\portfolio provisoire\\htdocs\\wordpress\\wp-includes\\load.php on line 404
[Thu Oct 18 17:18:56.599585 2018] [php7:warn] [pid 12272:tid 1940] [client ::1:52116] PHP Warning:  Use of undefined constant DB_PASSWORD - assumed 'DB_PASSWORD' (this will throw an Error in a future version of PHP) in C:\\Users\\i171876\\Desktop\\portfolio provisoire\\htdocs\\wordpress\\wp-includes\\load.php on line 404
[Thu Oct 18 17:18:56.599585 2018] [php7:warn] [pid 12272:tid 1940] [client ::1:52116] PHP Warning:  Use of undefined constant DB_NAME - assumed 'DB_NAME' (this will throw an Error in a future version of PHP) in C:\\Users\\i171876\\Desktop\\portfolio provisoire\\htdocs\\wordpress\\wp-includes\\load.php on line 404
[Thu Oct 18 17:18:56.599585 2018] [php7:warn] [pid 12272:tid 1940] [client ::1:52116] PHP Warning:  Use of undefined constant DB_HOST - assumed 'DB_HOST' (this will throw an Error in a future version of PHP) in C:\\Users\\i171876\\Desktop\\portfolio provisoire\\htdocs\\wordpress\\wp-includes\\load.php on line 404
[Thu Oct 18 17:18:57.808841 2018] [php7:warn] [pid 12272:tid 1940] [client ::1:52116] PHP Warning:  Use of undefined constant DB_USER - assumed 'DB_USER' (this will throw an Error in a future version of PHP) in C:\\Users\\i171876\\Desktop\\portfolio provisoire\\htdocs\\wordpress\\wp-includes\\load.php on line 404, referer: http://localhost/wordpress/wp-admin/setup-config.php
[Thu Oct 18 17:18:57.809838 2018] [php7:warn] [pid 12272:tid 1940] [client ::1:52116] PHP Warning:  Use of undefined constant DB_PASSWORD - assumed 'DB_PASSWORD' (this will throw an Error in a future version of PHP) in C:\\Users\\i171876\\Desktop\\portfolio provisoire\\htdocs\\wordpress\\wp-includes\\load.php on line 404, referer: http://localhost/wordpress/wp-admin/setup-config.php
[Thu Oct 18 17:18:57.809838 2018] [php7:warn] [pid 12272:tid 1940] [client ::1:52116] PHP Warning:  Use of undefined constant DB_NAME - assumed 'DB_NAME' (this will throw an Error in a future version of PHP) in C:\\Users\\i171876\\Desktop\\portfolio provisoire\\htdocs\\wordpress\\wp-includes\\load.php on line 404, referer: http://localhost/wordpress/wp-admin/setup-config.php
[Thu Oct 18 17:18:57.809838 2018] [php7:warn] [pid 12272:tid 1940] [client ::1:52116] PHP Warning:  Use of undefined constant DB_HOST - assumed 'DB_HOST' (this will throw an Error in a future version of PHP) in C:\\Users\\i171876\\Desktop\\portfolio provisoire\\htdocs\\wordpress\\wp-includes\\load.php on line 404, referer: http://localhost/wordpress/wp-admin/setup-config.php
[Thu Oct 18 17:19:10.366764 2018] [php7:warn] [pid 12272:tid 1940] [client ::1:52117] PHP Warning:  Use of undefined constant DB_USER - assumed 'DB_USER' (this will throw an Error in a future version of PHP) in C:\\Users\\i171876\\Desktop\\portfolio provisoire\\htdocs\\wordpress\\wp-includes\\load.php on line 404, referer: http://localhost/wordpress/wp-admin/setup-config.php?step=1&language=fr_FR
[Thu Oct 18 17:19:10.367766 2018] [php7:warn] [pid 12272:tid 1940] [client ::1:52117] PHP Warning:  Use of undefined constant DB_PASSWORD - assumed 'DB_PASSWORD' (this will throw an Error in a future version of PHP) in C:\\Users\\i171876\\Desktop\\portfolio provisoire\\htdocs\\wordpress\\wp-includes\\load.php on line 404, referer: http://localhost/wordpress/wp-admin/setup-config.php?step=1&language=fr_FR
[Thu Oct 18 17:19:10.367766 2018] [php7:warn] [pid 12272:tid 1940] [client ::1:52117] PHP Warning:  Use of undefined constant DB_NAME - assumed 'DB_NAME' (this will throw an Error in a future version of PHP) in C:\\Users\\i171876\\Desktop\\portfolio provisoire\\htdocs\\wordpress\\wp-includes\\load.php on line 404, referer: http://localhost/wordpress/wp-admin/setup-config.php?step=1&language=fr_FR
[Thu Oct 18 17:19:10.367766 2018] [php7:warn] [pid 12272:tid 1940] [client ::1:52117] PHP Warning:  Use of undefined constant DB_HOST - assumed 'DB_HOST' (this will throw an Error in a future version of PHP) in C:\\Users\\i171876\\Desktop\\portfolio provisoire\\htdocs\\wordpress\\wp-includes\\load.php on line 404, referer: http://localhost/wordpress/wp-admin/setup-config.php?step=1&language=fr_FR
[Thu Oct 18 17:19:10.533484 2018] [php7:notice] [pid 12272:tid 1940] [client ::1:52117] Erreur de la base de donn\xc3\xa9es WordPress Unknown column 'wp_' in 'field list' pour la requ\xc3\xaate SELECT wp_, referer: http://localhost/wordpress/wp-admin/setup-config.php?step=1&language=fr_FR
[Thu Oct 18 17:44:39.241718 2018] [mpm_winnt:notice] [pid 2108:tid 680] AH00422: Parent: Received shutdown signal -- Shutting down the server.
[Thu Oct 18 17:44:41.244452 2018] [mpm_winnt:notice] [pid 12272:tid 688] AH00364: Child: All worker threads have exited.
[Thu Oct 18 17:44:41.276259 2018] [mpm_winnt:notice] [pid 2108:tid 680] AH00430: Parent: Child process 12272 exited successfully.
